<?xml version="1.0" encoding="UTF-8"?>
<!-- Generated by org.testng.reporters.JUnitReportReporter -->
<testsuite hostname="DESKTOP-C2I0Q31" failures="0" tests="1" name="com.pa.qa.testcases.HomePageTest" time="164.532" errors="0" timestamp="31 Aug 2019 04:26:43 GMT" skipped="0">
  <testcase classname="com.pa.qa.testcases.HomePageTest" name="HomePage" time="164.532"/>
</testsuite> <!-- com.pa.qa.testcases.HomePageTest -->
