<?xml version="1.0" encoding="UTF-8"?>
<!-- Generated by org.testng.reporters.JUnitReportReporter -->
<testsuite hostname="DESKTOP-C2I0Q31" failures="0" tests="2" name="com.pa.qa.testcases.LogInToAppTest" time="100.344" errors="0" timestamp="31 Aug 2019 04:26:43 GMT" skipped="0">
  <testcase classname="com.pa.qa.testcases.LogInToAppTest" name="LogInToApp" time="51.503"/>
  <testcase classname="com.pa.qa.testcases.LogInToAppTest" name="LogInToApp" time="48.841"/>
</testsuite> <!-- com.pa.qa.testcases.LogInToAppTest -->
